<?xml version="1.0" encoding="UTF-8"?>
<testsuite xmlns:xsi="http://www.w3.org/2001/XMLSchema-instance" xsi:noNamespaceSchemaLocation="https://maven.apache.org/surefire/maven-surefire-plugin/xsd/surefire-test-report-3.0.xsd" version="3.0" name="oo2.punto1.ConcursoTest" time="0.135" tests="5" errors="0" skipped="0" failures="0">
  <properties>
[...]
</properties>
  <testcase name="testInscripcionPrimerDia" classname="oo2.punto1.ConcursoTest" time="0.068"/>
  <testcase name="testInscripcionFueraDePeriodo" classname="oo2.punto1.ConcursoTest" time="0.006"/>
  <testcase name="testInscripcionAntesDePeriodo" classname="oo2.punto1.ConcursoTest" time="0.003"/>
  <testcase name="testObtenerGanador" classname="oo2.punto1.ConcursoTest" time="0.003"/>
  <testcase name="testCantidadParticipantes" classname="oo2.punto1.ConcursoTest" time="0.001"/>
</testsuite>